<?xml version='1.0' encoding='UTF-8'?>
<testsuite hostname="RJonM" name="SetTheoryDSLTest" tests="19" errors="0" failures="0" skipped="0" time="0.211" timestamp="2022-02-11T20:46:42">
          <properties>
[...]
</properties>
          <testcase classname="SetTheoryDSLTest" name="Set Theory DSL - SetPlayground should create a variable an insert a value into it" time="0.047">
                      
                    </testcase><testcase classname="SetTheoryDSLTest" name="Set Theory DSL - SetPlayground should create a set and insert a string value in it" time="0.062">
                      
                    </testcase><testcase classname="SetTheoryDSLTest" name="Set Theory DSL - SetPlayground should create a set and insert multiple values in it" time="0.034">
                      
                    </testcase><testcase classname="SetTheoryDSLTest" name="Set Theory DSL - SetPlayground should create a macro and store it in a variable" time="0.003">
                      
                    </testcase><testcase classname="SetTheoryDSLTest" name="Set Theory DSL - SetPlayground should create a macro and evaluate that macro later to add value to a set" time="0.003">
                      
                    </testcase><testcase classname="SetTheoryDSLTest" name="Set Theory DSL - SetPlayground should insert a value into an existing set" time="0.007">
                      
                    </testcase><testcase classname="SetTheoryDSLTest" name="Set Theory DSL - SetPlayground should insert multiple values and/or variables into an existing set" time="0.005">
                      
                    </testcase><testcase classname="SetTheoryDSLTest" name="Set Theory DSL - SetPlayground should delete a value from an existing set" time="0.004">
                      
                    </testcase><testcase classname="SetTheoryDSLTest" name="Set Theory DSL - SetPlayground should not delete a value from an existing set if that value is not there" time="0.001">
                      
                    </testcase><testcase classname="SetTheoryDSLTest" name="Set Theory DSL - SetPlayground should delete multiple values and/or variables from an existing set" time="0.001">
                      
                    </testcase><testcase classname="SetTheoryDSLTest" name="Set Theory DSL - SetPlayground should create a named scope and insert a variable of outer scope to the set" time="0.006">
                      
                    </testcase><testcase classname="SetTheoryDSLTest" name="Set Theory DSL - SetPlayground should create an anonymous scope and insert a variable of outer scope to the set" time="0.004">
                      
                    </testcase><testcase classname="SetTheoryDSLTest" name="Set Theory DSL - SetPlayground should create nested scopes and insert a variable of outer scope to the set" time="0.002">
                      
                    </testcase><testcase classname="SetTheoryDSLTest" name="Set Theory DSL - SetPlayground should create scopes whose bindings can be accessed again using the same names" time="0.002">
                      
                    </testcase><testcase classname="SetTheoryDSLTest" name="Set Theory DSL - SetPlayground should evaluate the Union of two sets" time="0.007">
                      
                    </testcase><testcase classname="SetTheoryDSLTest" name="Set Theory DSL - SetPlayground should evaluate the Intersection of two sets" time="0.004">
                      
                    </testcase><testcase classname="SetTheoryDSLTest" name="Set Theory DSL - SetPlayground should evaluate the Set Difference of two sets" time="0.005">
                      
                    </testcase><testcase classname="SetTheoryDSLTest" name="Set Theory DSL - SetPlayground should evaluate the Symmetric Difference of two sets" time="0.003">
                      
                    </testcase><testcase classname="SetTheoryDSLTest" name="Set Theory DSL - SetPlayground should evaluate the Cartesian Product of two sets" time="0.011">
                      
                    </testcase>
          <system-out><![CDATA[]]></system-out>
          <system-err><![CDATA[]]></system-err>
        </testsuite>