<?xml version='1.0' encoding='UTF-8'?>
<testsuite hostname="RJonM" name="SetTheoryDSLTest" tests="18" errors="0" failures="2" skipped="0" time="0.102" timestamp="2022-03-25T22:45:28">
          <properties>
[...]
</properties>
          <testcase classname="SetTheoryDSLTest" name="Set Theory DSL - SetPlayground should create a variable an insert a value into it" time="0.036">
                      
                    </testcase><testcase classname="SetTheoryDSLTest" name="Set Theory DSL - SetPlayground should create a set and insert a string value in it" time="0.013">
                      
                    </testcase><testcase classname="SetTheoryDSLTest" name="Set Theory DSL - SetPlayground should create a set and insert multiple values in it" time="0.005">
                      
                    </testcase><testcase classname="SetTheoryDSLTest" name="Set Theory DSL - SetPlayground should create a macro and store it in a variable" time="0.002">
                      
                    </testcase><testcase classname="SetTheoryDSLTest" name="Set Theory DSL - SetPlayground should create a macro and evaluate that macro later to add value to a set" time="0.003">
                      
                    </testcase><testcase classname="SetTheoryDSLTest" name="Set Theory DSL - SetPlayground should insert a value into an existing set" time="0.003">
                      
                    </testcase><testcase classname="SetTheoryDSLTest" name="Set Theory DSL - SetPlayground should insert multiple values and/or variables into an existing set" time="0.004">
                      
                    </testcase><testcase classname="SetTheoryDSLTest" name="Set Theory DSL - SetPlayground should delete a value from an existing set" time="0.003">
                      
                    </testcase><testcase classname="SetTheoryDSLTest" name="Set Theory DSL - SetPlayground should not delete a value from an existing set if that value is not there" time="0.001">
                      
                    </testcase><testcase classname="SetTheoryDSLTest" name="Set Theory DSL - SetPlayground should delete multiple values and/or variables from an existing set" time="0.001">
                      
                    </testcase><testcase classname="SetTheoryDSLTest" name="Set Theory DSL - SetPlayground should create a named scope and insert a variable of outer scope to the set" time="0.007">
                      <failure message="key not found: set_t11" type="java.util.NoSuchElementException">java.util.NoSuchElementException: key not found: set_t11
	at scala.collection.MapOps.default(Map.scala:274)
	at scala.collection.MapOps.default$(Map.scala:273)
	at scala.collection.AbstractMap.default(Map.scala:405)
	at scala.collection.mutable.HashMap.apply(HashMap.scala:425)
	at SetTheoryDSL$.SetTheoryDSL$$$getVariable(SetTheoryDSL.scala:577)
	at SetTheoryDSL$SetExpression.eval(SetTheoryDSL.scala:1089)
	at SetTheoryDSL$SetExpression.eval(SetTheoryDSL.scala:1167)
	at SetTheoryDSL$SetExpression.eval$$anonfun$1(SetTheoryDSL.scala:1114)
	at scala.collection.IterableOnceOps.foreach(IterableOnce.scala:563)
	at scala.collection.IterableOnceOps.foreach$(IterableOnce.scala:561)
	at scala.collection.AbstractIterable.foreach(Iterable.scala:919)
	at SetTheoryDSL$SetExpression.eval(SetTheoryDSL.scala:1114)
	at SetTheoryDSLTest.testFun$proxy11$1(SetTheoryDSLTest.scala:75)
	at SetTheoryDSLTest.$init$$$anonfun$11(SetTheoryDSLTest.scala:71)
	at org.scalatest.Transformer.apply$$anonfun$1(Transformer.scala:22)
	at org.scalatest.OutcomeOf.outcomeOf(OutcomeOf.scala:85)
	at org.scalatest.OutcomeOf.outcomeOf$(OutcomeOf.scala:31)
	at org.scalatest.OutcomeOf$.outcomeOf(OutcomeOf.scala:104)
	at org.scalatest.Transformer.apply(Transformer.scala:22)
	at org.scalatest.Transformer.apply(Transformer.scala:21)
	at org.scalatest.flatspec.AnyFlatSpecLike$$anon$4.apply(AnyFlatSpecLike.scala:1697)
	at org.scalatest.TestSuite.withFixture(TestSuite.scala:196)
	at org.scalatest.TestSuite.withFixture$(TestSuite.scala:138)
	at org.scalatest.flatspec.AnyFlatSpec.withFixture(AnyFlatSpec.scala:1685)
	at org.scalatest.flatspec.AnyFlatSpecLike.invokeWithFixture$1(AnyFlatSpecLike.scala:1703)
	at org.scalatest.flatspec.AnyFlatSpecLike.runTest$$anonfun$1(AnyFlatSpecLike.scala:1707)
	at org.scalatest.SuperEngine.runTestImpl(Engine.scala:306)
	at org.scalatest.flatspec.AnyFlatSpecLike.runTest(AnyFlatSpecLike.scala:1707)
	at org.scalatest.flatspec.AnyFlatSpecLike.runTest$(AnyFlatSpecLike.scala:51)
	at org.scalatest.flatspec.AnyFlatSpec.runTest(AnyFlatSpec.scala:1685)
	at org.scalatest.flatspec.AnyFlatSpecLike.runTests$$anonfun$1(AnyFlatSpecLike.scala:1765)
	at org.scalatest.SuperEngine.traverseSubNodes$2$$anonfun$1(Engine.scala:413)
	at scala.runtime.function.JProcedure1.apply(JProcedure1.java:15)
	at scala.runtime.function.JProcedure1.apply(JProcedure1.java:10)
	at scala.collection.immutable.List.foreach(List.scala:333)
	at org.scalatest.SuperEngine.traverseSubNodes$1(Engine.scala:429)
	at org.scalatest.SuperEngine.runTestsInBranch(Engine.scala:390)
	at org.scalatest.SuperEngine.traverseSubNodes$2$$anonfun$1(Engine.scala:427)
	at scala.runtime.function.JProcedure1.apply(JProcedure1.java:15)
	at scala.runtime.function.JProcedure1.apply(JProcedure1.java:10)
	at scala.collection.immutable.List.foreach(List.scala:333)
	at org.scalatest.SuperEngine.traverseSubNodes$1(Engine.scala:429)
	at org.scalatest.SuperEngine.runTestsInBranch(Engine.scala:396)
	at org.scalatest.SuperEngine.runTestsImpl(Engine.scala:475)
	at org.scalatest.flatspec.AnyFlatSpecLike.runTests(AnyFlatSpecLike.scala:1765)
	at org.scalatest.flatspec.AnyFlatSpecLike.runTests$(AnyFlatSpecLike.scala:51)
	at org.scalatest.flatspec.AnyFlatSpec.runTests(AnyFlatSpec.scala:1685)
	at org.scalatest.Suite.run(Suite.scala:1112)
	at org.scalatest.Suite.run$(Suite.scala:563)
	at org.scalatest.flatspec.AnyFlatSpec.org$scalatest$flatspec$AnyFlatSpecLike$$super$run(AnyFlatSpec.scala:1685)
	at org.scalatest.flatspec.AnyFlatSpecLike.run$$anonfun$1(AnyFlatSpecLike.scala:1810)
	at org.scalatest.SuperEngine.runImpl(Engine.scala:535)
	at org.scalatest.flatspec.AnyFlatSpecLike.run(AnyFlatSpecLike.scala:1810)
	at org.scalatest.flatspec.AnyFlatSpecLike.run$(AnyFlatSpecLike.scala:51)
	at org.scalatest.flatspec.AnyFlatSpec.run(AnyFlatSpec.scala:1685)
	at org.scalatest.tools.Framework.org$scalatest$tools$Framework$$runSuite(Framework.scala:318)
	at org.scalatest.tools.Framework$ScalaTestTask.execute(Framework.scala:513)
	at sbt.TestRunner.runTest$1(TestFramework.scala:146)
	at sbt.TestRunner.run(TestFramework.scala:161)
	at sbt.TestFramework$$anon$3$$anonfun$$lessinit$greater$1.$anonfun$apply$1(TestFramework.scala:324)
	at sbt.TestFramework$.sbt$TestFramework$$withContextLoader(TestFramework.scala:284)
	at sbt.TestFramework$$anon$3$$anonfun$$lessinit$greater$1.apply(TestFramework.scala:324)
	at sbt.TestFramework$$anon$3$$anonfun$$lessinit$greater$1.apply(TestFramework.scala:324)
	at sbt.TestFunction.apply(TestFramework.scala:336)
	at sbt.Tests$.$anonfun$toTask$1(Tests.scala:435)
	at sbt.std.Transform$$anon$3.$anonfun$apply$2(Transform.scala:46)
	at sbt.std.Transform$$anon$4.work(Transform.scala:68)
	at sbt.Execute.$anonfun$submit$2(Execute.scala:282)
	at sbt.internal.util.ErrorHandling$.wideConvert(ErrorHandling.scala:23)
	at sbt.Execute.work(Execute.scala:291)
	at sbt.Execute.$anonfun$submit$1(Execute.scala:282)
	at sbt.ConcurrentRestrictions$$anon$4.$anonfun$submitValid$1(ConcurrentRestrictions.scala:265)
	at sbt.CompletionService$$anon$2.call(CompletionService.scala:64)
	at java.util.concurrent.FutureTask.run(FutureTask.java:266)
	at java.util.concurrent.Executors$RunnableAdapter.call(Executors.java:511)
	at java.util.concurrent.FutureTask.run(FutureTask.java:266)
	at java.util.concurrent.ThreadPoolExecutor.runWorker(ThreadPoolExecutor.java:1149)
	at java.util.concurrent.ThreadPoolExecutor$Worker.run(ThreadPoolExecutor.java:624)
	at java.lang.Thread.run(Thread.java:748)
</failure>
                    </testcase><testcase classname="SetTheoryDSLTest" name="Set Theory DSL - SetPlayground should create nested scopes and insert a variable of outer scope to the set" time="0.002">
                      <failure message="key not found: set_t13" type="java.util.NoSuchElementException">java.util.NoSuchElementException: key not found: set_t13
	at scala.collection.MapOps.default(Map.scala:274)
	at scala.collection.MapOps.default$(Map.scala:273)
	at scala.collection.AbstractMap.default(Map.scala:405)
	at scala.collection.mutable.HashMap.apply(HashMap.scala:425)
	at SetTheoryDSL$.SetTheoryDSL$$$getVariable(SetTheoryDSL.scala:577)
	at SetTheoryDSL$SetExpression.eval(SetTheoryDSL.scala:1089)
	at SetTheoryDSL$SetExpression.eval(SetTheoryDSL.scala:1167)
	at SetTheoryDSL$SetExpression.eval$$anonfun$3(SetTheoryDSL.scala:1134)
	at scala.collection.IterableOnceOps.foreach(IterableOnce.scala:563)
	at scala.collection.IterableOnceOps.foreach$(IterableOnce.scala:561)
	at scala.collection.AbstractIterable.foreach(Iterable.scala:919)
	at SetTheoryDSL$SetExpression.eval(SetTheoryDSL.scala:1134)
	at SetTheoryDSL$SetExpression.eval$$anonfun$1(SetTheoryDSL.scala:1114)
	at scala.collection.IterableOnceOps.foreach(IterableOnce.scala:563)
	at scala.collection.IterableOnceOps.foreach$(IterableOnce.scala:561)
	at scala.collection.AbstractIterable.foreach(Iterable.scala:919)
	at SetTheoryDSL$SetExpression.eval(SetTheoryDSL.scala:1114)
	at SetTheoryDSLTest.testFun$proxy12$1(SetTheoryDSLTest.scala:86)
	at SetTheoryDSLTest.$init$$$anonfun$12(SetTheoryDSLTest.scala:80)
	at org.scalatest.Transformer.apply$$anonfun$1(Transformer.scala:22)
	at org.scalatest.OutcomeOf.outcomeOf(OutcomeOf.scala:85)
	at org.scalatest.OutcomeOf.outcomeOf$(OutcomeOf.scala:31)
	at org.scalatest.OutcomeOf$.outcomeOf(OutcomeOf.scala:104)
	at org.scalatest.Transformer.apply(Transformer.scala:22)
	at org.scalatest.Transformer.apply(Transformer.scala:21)
	at org.scalatest.flatspec.AnyFlatSpecLike$$anon$4.apply(AnyFlatSpecLike.scala:1697)
	at org.scalatest.TestSuite.withFixture(TestSuite.scala:196)
	at org.scalatest.TestSuite.withFixture$(TestSuite.scala:138)
	at org.scalatest.flatspec.AnyFlatSpec.withFixture(AnyFlatSpec.scala:1685)
	at org.scalatest.flatspec.AnyFlatSpecLike.invokeWithFixture$1(AnyFlatSpecLike.scala:1703)
	at org.scalatest.flatspec.AnyFlatSpecLike.runTest$$anonfun$1(AnyFlatSpecLike.scala:1707)
	at org.scalatest.SuperEngine.runTestImpl(Engine.scala:306)
	at org.scalatest.flatspec.AnyFlatSpecLike.runTest(AnyFlatSpecLike.scala:1707)
	at org.scalatest.flatspec.AnyFlatSpecLike.runTest$(AnyFlatSpecLike.scala:51)
	at org.scalatest.flatspec.AnyFlatSpec.runTest(AnyFlatSpec.scala:1685)
	at org.scalatest.flatspec.AnyFlatSpecLike.runTests$$anonfun$1(AnyFlatSpecLike.scala:1765)
	at org.scalatest.SuperEngine.traverseSubNodes$2$$anonfun$1(Engine.scala:413)
	at scala.runtime.function.JProcedure1.apply(JProcedure1.java:15)
	at scala.runtime.function.JProcedure1.apply(JProcedure1.java:10)
	at scala.collection.immutable.List.foreach(List.scala:333)
	at org.scalatest.SuperEngine.traverseSubNodes$1(Engine.scala:429)
	at org.scalatest.SuperEngine.runTestsInBranch(Engine.scala:390)
	at org.scalatest.SuperEngine.traverseSubNodes$2$$anonfun$1(Engine.scala:427)
	at scala.runtime.function.JProcedure1.apply(JProcedure1.java:15)
	at scala.runtime.function.JProcedure1.apply(JProcedure1.java:10)
	at scala.collection.immutable.List.foreach(List.scala:333)
	at org.scalatest.SuperEngine.traverseSubNodes$1(Engine.scala:429)
	at org.scalatest.SuperEngine.runTestsInBranch(Engine.scala:396)
	at org.scalatest.SuperEngine.runTestsImpl(Engine.scala:475)
	at org.scalatest.flatspec.AnyFlatSpecLike.runTests(AnyFlatSpecLike.scala:1765)
	at org.scalatest.flatspec.AnyFlatSpecLike.runTests$(AnyFlatSpecLike.scala:51)
	at org.scalatest.flatspec.AnyFlatSpec.runTests(AnyFlatSpec.scala:1685)
	at org.scalatest.Suite.run(Suite.scala:1112)
	at org.scalatest.Suite.run$(Suite.scala:563)
	at org.scalatest.flatspec.AnyFlatSpec.org$scalatest$flatspec$AnyFlatSpecLike$$super$run(AnyFlatSpec.scala:1685)
	at org.scalatest.flatspec.AnyFlatSpecLike.run$$anonfun$1(AnyFlatSpecLike.scala:1810)
	at org.scalatest.SuperEngine.runImpl(Engine.scala:535)
	at org.scalatest.flatspec.AnyFlatSpecLike.run(AnyFlatSpecLike.scala:1810)
	at org.scalatest.flatspec.AnyFlatSpecLike.run$(AnyFlatSpecLike.scala:51)
	at org.scalatest.flatspec.AnyFlatSpec.run(AnyFlatSpec.scala:1685)
	at org.scalatest.tools.Framework.org$scalatest$tools$Framework$$runSuite(Framework.scala:318)
	at org.scalatest.tools.Framework$ScalaTestTask.execute(Framework.scala:513)
	at sbt.TestRunner.runTest$1(TestFramework.scala:146)
	at sbt.TestRunner.run(TestFramework.scala:161)
	at sbt.TestFramework$$anon$3$$anonfun$$lessinit$greater$1.$anonfun$apply$1(TestFramework.scala:324)
	at sbt.TestFramework$.sbt$TestFramework$$withContextLoader(TestFramework.scala:284)
	at sbt.TestFramework$$anon$3$$anonfun$$lessinit$greater$1.apply(TestFramework.scala:324)
	at sbt.TestFramework$$anon$3$$anonfun$$lessinit$greater$1.apply(TestFramework.scala:324)
	at sbt.TestFunction.apply(TestFramework.scala:336)
	at sbt.Tests$.$anonfun$toTask$1(Tests.scala:435)
	at sbt.std.Transform$$anon$3.$anonfun$apply$2(Transform.scala:46)
	at sbt.std.Transform$$anon$4.work(Transform.scala:68)
	at sbt.Execute.$anonfun$submit$2(Execute.scala:282)
	at sbt.internal.util.ErrorHandling$.wideConvert(ErrorHandling.scala:23)
	at sbt.Execute.work(Execute.scala:291)
	at sbt.Execute.$anonfun$submit$1(Execute.scala:282)
	at sbt.ConcurrentRestrictions$$anon$4.$anonfun$submitValid$1(ConcurrentRestrictions.scala:265)
	at sbt.CompletionService$$anon$2.call(CompletionService.scala:64)
	at java.util.concurrent.FutureTask.run(FutureTask.java:266)
	at java.util.concurrent.Executors$RunnableAdapter.call(Executors.java:511)
	at java.util.concurrent.FutureTask.run(FutureTask.java:266)
	at java.util.concurrent.ThreadPoolExecutor.runWorker(ThreadPoolExecutor.java:1149)
	at java.util.concurrent.ThreadPoolExecutor$Worker.run(ThreadPoolExecutor.java:624)
	at java.lang.Thread.run(Thread.java:748)
</failure>
                    </testcase><testcase classname="SetTheoryDSLTest" name="Set Theory DSL - SetPlayground should create scopes whose bindings can be accessed again using the same names" time="0.001">
                      
                    </testcase><testcase classname="SetTheoryDSLTest" name="Set Theory DSL - SetPlayground should evaluate the Union of two sets" time="0.004">
                      
                    </testcase><testcase classname="SetTheoryDSLTest" name="Set Theory DSL - SetPlayground should evaluate the Intersection of two sets" time="0.002">
                      
                    </testcase><testcase classname="SetTheoryDSLTest" name="Set Theory DSL - SetPlayground should evaluate the Set Difference of two sets" time="0.006">
                      
                    </testcase><testcase classname="SetTheoryDSLTest" name="Set Theory DSL - SetPlayground should evaluate the Symmetric Difference of two sets" time="0.002">
                      
                    </testcase><testcase classname="SetTheoryDSLTest" name="Set Theory DSL - SetPlayground should evaluate the Cartesian Product of two sets" time="0.007">
                      
                    </testcase>
          <system-out><![CDATA[]]></system-out>
          <system-err><![CDATA[]]></system-err>
        </testsuite>