<?xml version='1.0' encoding='UTF-8'?>
<testsuite hostname="RJonM" name="InterfaceAndAbstractClassDSLTest" tests="21" errors="0" failures="0" skipped="0" time="0.141" timestamp="2022-04-10T21:07:50">
          <properties>
[...]
</properties>
          <testcase classname="InterfaceAndAbstractClassDSLTest" name="Testing Interfaces and Abstract Classes in DSL SetTheory Interface declaration, implementation and inheritance should throw an Exception if one interface tries to implement another interface" time="0.098">
                      
                    </testcase><testcase classname="InterfaceAndAbstractClassDSLTest" name="Testing Interfaces and Abstract Classes in DSL SetTheory Interface declaration, implementation and inheritance should throw an Exception if an attempt to declare an interface with the name of an existing interface in the same scope" time="0.001">
                      
                    </testcase><testcase classname="InterfaceAndAbstractClassDSLTest" name="Testing Interfaces and Abstract Classes in DSL SetTheory Interface declaration, implementation and inheritance should throw an Exception if one interface extends an another interface and tries to create a method with same name which is already declared in super interface" time="0.001">
                      
                    </testcase><testcase classname="InterfaceAndAbstractClassDSLTest" name="Testing Interfaces and Abstract Classes in DSL SetTheory Interface declaration, implementation and inheritance should throw an Exception if 'Extends' expression is present more than once in interface body" time="0.001">
                      
                    </testcase><testcase classname="InterfaceAndAbstractClassDSLTest" name="Testing Interfaces and Abstract Classes in DSL SetTheory Classes, Abstract Classes, Interfaces and their relations including implementation and inheritance should throw an Exception if a non-abstract class tries to implement an interface but does not provide any implementation for interface methods" time="0.004">
                      
                    </testcase><testcase classname="InterfaceAndAbstractClassDSLTest" name="Testing Interfaces and Abstract Classes in DSL SetTheory Classes, Abstract Classes, Interfaces and their relations including implementation and inheritance should throw an Exception if an abstract class is declared without any abstract method" time="0.002">
                      
                    </testcase><testcase classname="InterfaceAndAbstractClassDSLTest" name="Testing Interfaces and Abstract Classes in DSL SetTheory Classes, Abstract Classes, Interfaces and their relations including implementation and inheritance should throw an Exception if 'Implements' expression comes more than once in a class declaration" time="0.003">
                      
                    </testcase><testcase classname="InterfaceAndAbstractClassDSLTest" name="Testing Interfaces and Abstract Classes in DSL SetTheory Classes, Abstract Classes, Interfaces and their relations including implementation and inheritance should throw an Exception if same interface is implemented more than once in one expression" time="0.002">
                      
                    </testcase><testcase classname="InterfaceAndAbstractClassDSLTest" name="Testing Interfaces and Abstract Classes in DSL SetTheory Classes, Abstract Classes, Interfaces and their relations including implementation and inheritance should throw an Exception if non-abstract class declares an abstract method" time="0.001">
                      
                    </testcase><testcase classname="InterfaceAndAbstractClassDSLTest" name="Testing Interfaces and Abstract Classes in DSL SetTheory Classes, Abstract Classes, Interfaces and their relations including implementation and inheritance should implement an interface and provide behavior for the abstract method" time="0.004">
                      
                    </testcase><testcase classname="InterfaceAndAbstractClassDSLTest" name="Testing Interfaces and Abstract Classes in DSL SetTheory Classes, Abstract Classes, Interfaces and their relations including implementation and inheritance should invoke a default method of an interface" time="0.003">
                      
                    </testcase><testcase classname="InterfaceAndAbstractClassDSLTest" name="Testing Interfaces and Abstract Classes in DSL SetTheory Classes, Abstract Classes, Interfaces and their relations including implementation and inheritance should invoke a default method from an abstract method of an interface which is implemented by the class" time="0.002">
                      
                    </testcase><testcase classname="InterfaceAndAbstractClassDSLTest" name="Testing Interfaces and Abstract Classes in DSL SetTheory Classes, Abstract Classes, Interfaces and their relations including implementation and inheritance should undergo class and interface composition, where a field of interface are inherited by an abstract class and then by concrete class, also implmenting the super interfaces" time="0.003">
                      
                    </testcase><testcase classname="InterfaceAndAbstractClassDSLTest" name="Testing Interfaces and Abstract Classes in DSL SetTheory Classes, Abstract Classes, Interfaces and their relations including implementation and inheritance should throw an Exception if any interface tries to extend itself" time="0.002">
                      
                    </testcase><testcase classname="InterfaceAndAbstractClassDSLTest" name="Testing Interfaces and Abstract Classes in DSL SetTheory Classes, Abstract Classes, Interfaces and their relations including implementation and inheritance should throw an Exception if any abstract class tries to extend itself" time="0.001">
                      
                    </testcase><testcase classname="InterfaceAndAbstractClassDSLTest" name="Testing Interfaces and Abstract Classes in DSL SetTheory Classes, Abstract Classes, Interfaces and their relations including implementation and inheritance should throw an Exception if any concrete class tries to extend itself" time="0.001">
                      
                    </testcase><testcase classname="InterfaceAndAbstractClassDSLTest" name="Testing Interfaces and Abstract Classes in DSL SetTheory Classes, Abstract Classes, Interfaces and their relations including implementation and inheritance should not inherit any private access method of an interface" time="0.002">
                      
                    </testcase><testcase classname="InterfaceAndAbstractClassDSLTest" name="Testing Interfaces and Abstract Classes in DSL SetTheory Classes, Abstract Classes, Interfaces and their relations including implementation and inheritance should not inherit any default access method of an interface" time="0.002">
                      
                    </testcase><testcase classname="InterfaceAndAbstractClassDSLTest" name="Testing Interfaces and Abstract Classes in DSL SetTheory Member classes and Interface Access should only implement an inner interface of another interface" time="0.004">
                      
                    </testcase><testcase classname="InterfaceAndAbstractClassDSLTest" name="Testing Interfaces and Abstract Classes in DSL SetTheory Member classes and Interface Access should only implement an inner interface of another class" time="0.002">
                      
                    </testcase><testcase classname="InterfaceAndAbstractClassDSLTest" name="Testing Interfaces and Abstract Classes in DSL SetTheory Member classes and Interface Access should only implement an inner interface of another object" time="0.002">
                      
                    </testcase>
          <system-out><![CDATA[]]></system-out>
          <system-err><![CDATA[]]></system-err>
        </testsuite>