<?xml version='1.0' encoding='UTF-8'?>
<testsuite hostname="RJonM" name="ClassesAndInheritanceDSLTest" tests="20" errors="0" failures="0" skipped="0" time="0.118" timestamp="2022-03-25T22:45:28">
          <properties>
[...]
</properties>
          <testcase classname="ClassesAndInheritanceDSLTest" name="Testing Classes, Objects and Inheritance in DSL SetTheory Class Definition, fields, and methods Should Define a class and create an object from it" time="0.088">
                      
                    </testcase><testcase classname="ClassesAndInheritanceDSLTest" name="Testing Classes, Objects and Inheritance in DSL SetTheory Class Definition, fields, and methods Should Invoke one public method of an object" time="0.006">
                      
                    </testcase><testcase classname="ClassesAndInheritanceDSLTest" name="Testing Classes, Objects and Inheritance in DSL SetTheory Class Definition, fields, and methods Should change a public of an object" time="0.002">
                      
                    </testcase><testcase classname="ClassesAndInheritanceDSLTest" name="Testing Classes, Objects and Inheritance in DSL SetTheory Class Definition, fields, and methods Should invoke another one method from another one" time="0.001">
                      
                    </testcase><testcase classname="ClassesAndInheritanceDSLTest" name="Testing Classes, Objects and Inheritance in DSL SetTheory Class Definition, fields, and methods Should throw an error when trying to access a protected field" time="0.001">
                      
                    </testcase><testcase classname="ClassesAndInheritanceDSLTest" name="Testing Classes, Objects and Inheritance in DSL SetTheory Class Definition, fields, and methods Should throw an error when trying to access a private field" time="0.001">
                      
                    </testcase><testcase classname="ClassesAndInheritanceDSLTest" name="Testing Classes, Objects and Inheritance in DSL SetTheory Class Definition, fields, and methods Should throw an error when trying to access a default field" time="0.001">
                      
                    </testcase><testcase classname="ClassesAndInheritanceDSLTest" name="Testing Classes, Objects and Inheritance in DSL SetTheory Class Definition, fields, and methods Should create another class by extending other - inheriting its accessible fields" time="0.004">
                      
                    </testcase><testcase classname="ClassesAndInheritanceDSLTest" name="Testing Classes, Objects and Inheritance in DSL SetTheory Class Definition, fields, and methods should prove that public fields are also inherited" time="0.001">
                      
                    </testcase><testcase classname="ClassesAndInheritanceDSLTest" name="Testing Classes, Objects and Inheritance in DSL SetTheory Class Definition, fields, and methods should prove that protected fields are also inherited" time="0.002">
                      
                    </testcase><testcase classname="ClassesAndInheritanceDSLTest" name="Testing Classes, Objects and Inheritance in DSL SetTheory Class Definition, fields, and methods should throw an error if superClass's private field is accessed - as private fields are not inherited" time="0.001">
                      
                    </testcase><testcase classname="ClassesAndInheritanceDSLTest" name="Testing Classes, Objects and Inheritance in DSL SetTheory Class Definition, fields, and methods should throw an error if superClass's default field is accessed - as default fields are not inherited" time="0.001">
                      
                    </testcase><testcase classname="ClassesAndInheritanceDSLTest" name="Testing Classes, Objects and Inheritance in DSL SetTheory Class Definition, fields, and methods should inherit public methods of its parent class and invoke those methods if not overridden in child class's body" time="0.001">
                      
                    </testcase><testcase classname="ClassesAndInheritanceDSLTest" name="Testing Classes, Objects and Inheritance in DSL SetTheory Class Definition, fields, and methods should perform dynamic dispatch of method from super class's method" time="0.0">
                      
                    </testcase><testcase classname="ClassesAndInheritanceDSLTest" name="Testing Classes, Objects and Inheritance in DSL SetTheory Class Definition, fields, and methods should also inherit protected methods of its parent class" time="0.0">
                      
                    </testcase><testcase classname="ClassesAndInheritanceDSLTest" name="Testing Classes, Objects and Inheritance in DSL SetTheory Class Definition, fields, and methods should throw error if try to access private methods of its parent" time="0.001">
                      
                    </testcase><testcase classname="ClassesAndInheritanceDSLTest" name="Testing Classes, Objects and Inheritance in DSL SetTheory Class Definition, fields, and methods should throw error if try to access default methods of its parent" time="0.001">
                      
                    </testcase><testcase classname="ClassesAndInheritanceDSLTest" name="Testing Classes, Objects and Inheritance in DSL SetTheory Class Definition, fields, and methods should throw error if try to directly invoke its or its parent's protected methods" time="0.001">
                      
                    </testcase><testcase classname="ClassesAndInheritanceDSLTest" name="Testing Classes, Objects and Inheritance in DSL SetTheory Class Definition, fields, and methods should create an inner class and access it using enclosing class to create object" time="0.003">
                      
                    </testcase><testcase classname="ClassesAndInheritanceDSLTest" name="Testing Classes, Objects and Inheritance in DSL SetTheory Class Definition, fields, and methods should create an inner class and access it using enclosing class's instance" time="0.002">
                      
                    </testcase>
          <system-out><![CDATA[]]></system-out>
          <system-err><![CDATA[]]></system-err>
        </testsuite>